Fri Oct 13 06:55:49 AM EDT 2023: Server monitoring tasks completed.
Fri Oct 13 06:56:14 AM EDT 2023: Server monitoring tasks completed.
Fri Oct 13 08:14:08 AM EDT 2023 - Error occurred: 
Fri Oct 13 08:14:18 AM EDT 2023 - Error occurred: 
Fri Oct 13 08:17:26 AM EDT 2023 - Error occurred: 
Fri Oct 13 08:17:36 AM EDT 2023 - Error occurred: 
Fri Oct 13 08:17:47 AM EDT 2023 - Error occurred: 
Fri Oct 13 08:17:57 AM EDT 2023 - Error occurred: 
Fri Oct 13 08:20:00 AM EDT 2023 - Server monitoring started
Fri Oct 13 08:20:00 AM EDT 2023 - Server monitoring ended
Fri Oct 13 08:26:11 AM EDT 2023 - Server monitoring started
Fri Oct 13 08:26:11 AM EDT 2023 - Memory usage threshold exceeded: %
Fri Oct 13 08:26:11 AM EDT 2023 - Server monitoring ended
2023-10-13 08:27:47 - Server monitoring script started.
2023-10-13 08:27:48 - Log file not found: /path/to/your/log/file.log
2023-10-13 08:27:48 - Server monitoring script completed.
2023-10-13 08:29:28 - Server monitoring script started.
2023-10-13 08:29:28 - Log file not found: /path/to/your/log/file.log
2023-10-13 08:29:28 - Server monitoring script completed.
2023-10-13 08:29:37 - Server monitoring script started.
2023-10-13 08:29:37 - Log file not found: /path/to/your/log/file.log
2023-10-13 08:29:37 - Server monitoring script completed.
2023-10-13 08:30:19 - Server monitoring script started.
2023-10-13 08:30:19 - Log file not found: /path/to/your/log/file.log
2023-10-13 08:30:19 - Server monitoring script completed.
